Exception message: Недопустимый возраст: 190
Stack trace: 
CustomAgeException: Недопустимый возраст: 190
	at Main.main(Main.java:6)
----------------------------------------
Exception message: Недопустимый возраст: 190
Stack trace: 
CustomAgeException: Недопустимый возраст: 190
	at Main.main(Main.java:6)
----------------------------------------
Exception message: Недопустимый возраст: 190
Stack trace: 
CustomAgeException: Недопустимый возраст: 190
	at Main.main(Main.java:6)
----------------------------------------
Exception message: Недопустимый возраст: 190
Stack trace: 
CustomAgeException: Недопустимый возраст: 190
	at Main.main(Main.java:6)
----------------------------------------
Exception message: Недопустимый возраст: 190
Stack trace: 
CustomAgeException: Недопустимый возраст: 190
	at Main.main(Main.java:6)
----------------------------------------
Exception message: Недопустимый возраст: 190
Stack trace: 
CustomAgeException: Недопустимый возраст: 190
	at Main.main(Main.java:6)
----------------------------------------
Exception message: Недопустимый возраст: 190
Stack trace: 
CustomAgeException: Недопустимый возраст: 190
	at Main.main(Main.java:6)
----------------------------------------
Exception message: Недопустимый возраст: 190
Stack trace: 
CustomAgeException: Недопустимый возраст: 190
	at Main.main(Main.java:6)
----------------------------------------
Exception message: Недопустимый возраст: 190
Stack trace: 
CustomAgeException: Недопустимый возраст: 190
	at Main.main(Main.java:6)
----------------------------------------
Exception message: Недопустимый возраст: 134
Stack trace: 
CustomAgeException: Недопустимый возраст: 134
	at Main.main(Main.java:6)
----------------------------------------
